{
  "RSpec": {
    "coverage": {
      "/Users/Jet/turing/4module/revenge_of_idea_box/app/helpers/application_helper.rb": [
        1,
        null
      ],
      "/Users/Jet/turing/4module/revenge_of_idea_box/app/models/idea.rb": [
        1,
        1,
        1,
        1,
        null,
        1,
        null,
        1,
        1,
        1,
        null,
        null,
        1,
        4,
        4,
        4,
        4,
        null,
        null,
        1,
        2,
        2,
        null,
        null
      ],
      "/Users/Jet/turing/4module/revenge_of_idea_box/app/controllers/application_controller.rb": [
        0,
        0,
        0,
        0,
        0
      ],
      "/Users/Jet/turing/4module/revenge_of_idea_box/app/controllers/ideas_controller.rb": [
        0,
        0,
        0,
        0,
        0,
        0,
        0,
        0,
        0,
        0,
        0,
        0,
        0,
        0,
        0,
        0,
        0,
        0,
        0,
        0,
        0,
        0,
        0,
        0,
        0,
        0,
        0,
        0,
        0,
        0,
        0,
        0,
        0,
        0
      ]
    },
    "timestamp": 1458709804
  }
}
